<?xml version="1.0" encoding="UTF-8"?>
<!-- Generated by org.testng.reporters.JUnitReportReporter -->
<testsuite skipped="0" hostname="TL1086" name="runner.TC_001" tests="2" failures="0" timestamp="2023-05-04T19:12:18 IST" time="21.619" errors="0">
  <testcase name="runScenario" time="11.015" classname="runner.TC_001"/>
  <system-out/>
  <testcase name="runScenario" time="10.604" classname="runner.TC_001"/>
  <system-out/>
</testsuite> <!-- runner.TC_001 -->
