<?xml version="1.0" encoding="UTF-8"?>
<!-- Generated by org.testng.reporters.JUnitReportReporter -->
<testsuite skipped="0" hostname="TL1086" name="runner.CucumberRunner" tests="1" failures="0" timestamp="2023-03-27T15:57:03 IST" time="5.827" errors="0">
  <testcase name="runScenario" time="5.827" classname="runner.CucumberRunner"/>
  <system-out/>
</testsuite> <!-- runner.CucumberRunner -->
