<?xml version="1.0" encoding="UTF-8"?>
<!-- Generated by org.testng.reporters.JUnitReportReporter -->
<testsuite skipped="0" hostname="TL1086" name="runner.CucumberRunnerParameter" tests="5" failures="0" timestamp="2023-03-30T18:16:06 IST" time="244.697" errors="0">
  <testcase name="runScenario" time="42.785" classname="runner.CucumberRunnerParameter"/>
  <system-out/>
  <testcase name="runScenario" time="42.002" classname="runner.CucumberRunnerParameter"/>
  <system-out/>
  <testcase name="runScenario" time="30.825" classname="runner.CucumberRunnerParameter"/>
  <system-out/>
  <testcase name="runScenario" time="118.416" classname="runner.CucumberRunnerParameter"/>
  <system-out/>
  <testcase name="runScenario" time="10.669" classname="runner.CucumberRunnerParameter"/>
  <system-out/>
</testsuite> <!-- runner.CucumberRunnerParameter -->
